<?xml version="1.0" encoding="UTF-8"?>
<testng-results ignored="0" total="2" passed="2" failed="0" skipped="0">
  <reporter-output>
  </reporter-output>
  <suite started-at="2023-01-12T04:40:56 EST" name="Suite" finished-at="2023-01-12T04:41:03 EST" duration-ms="6603">
    <groups>
    </groups>
    <test started-at="2023-01-12T04:40:56 EST" name="Test" finished-at="2023-01-12T04:41:03 EST" duration-ms="6603">
      <class name="testcase.Testcase1">
        <test-method is-config="true" signature="XeSetup()[pri:0, instance:testcase.Testcase1@10e31a9a]" started-at="2023-01-12T04:40:56 EST" name="XeSetup" finished-at="2023-01-12T04:40:56 EST" duration-ms="205" status="PASS">
          <reporter-output>
          </reporter-output>
        </test-method> <!-- XeSetup -->
        <test-method is-config="true" signature="basetest()[pri:0, instance:testcase.Testcase1@10e31a9a]" started-at="2023-01-12T04:40:56 EST" name="basetest" finished-at="2023-01-12T04:41:01 EST" duration-ms="4630" status="PASS">
          <reporter-output>
          </reporter-output>
        </test-method> <!-- basetest -->
        <test-method signature="test1()[pri:0, instance:testcase.Testcase1@10e31a9a]" started-at="2023-01-12T04:41:01 EST" name="test1" finished-at="2023-01-12T04:41:01 EST" duration-ms="43" status="PASS">
          <reporter-output>
          </reporter-output>
        </test-method> <!-- test1 -->
        <test-method is-config="true" signature="basetest()[pri:0, instance:testcase.Testcase1@10e31a9a]" started-at="2023-01-12T04:41:01 EST" name="basetest" finished-at="2023-01-12T04:41:03 EST" duration-ms="1875" status="PASS">
          <reporter-output>
          </reporter-output>
        </test-method> <!-- basetest -->
        <test-method signature="test2()[pri:0, instance:testcase.Testcase1@10e31a9a]" started-at="2023-01-12T04:41:03 EST" name="test2" finished-at="2023-01-12T04:41:03 EST" duration-ms="2" status="PASS">
          <reporter-output>
          </reporter-output>
        </test-method> <!-- test2 -->
        <test-method is-config="true" signature="flus()[pri:0, instance:testcase.Testcase1@10e31a9a]" started-at="2023-01-12T04:41:03 EST" name="flus" finished-at="2023-01-12T04:41:03 EST" duration-ms="312" status="PASS">
          <reporter-output>
          </reporter-output>
        </test-method> <!-- flus -->
        <test-method is-config="true" signature="teardown()[pri:0, instance:testcase.Testcase1@10e31a9a]" started-at="2023-01-12T04:41:03 EST" name="teardown" finished-at="2023-01-12T04:41:04 EST" duration-ms="196" status="PASS">
          <reporter-output>
          </reporter-output>
        </test-method> <!-- teardown -->
      </class> <!-- testcase.Testcase1 -->
    </test> <!-- Test -->
  </suite> <!-- Suite -->
</testng-results>
