<?xml version="1.0" encoding="UTF-8"?>
<testng-results ignored="0" total="2" passed="2" failed="0" skipped="0">
  <reporter-output>
  </reporter-output>
  <suite started-at="2023-01-11T10:12:55 EST" name="Suite" finished-at="2023-01-11T10:13:03 EST" duration-ms="7760">
    <groups>
    </groups>
    <test started-at="2023-01-11T10:12:55 EST" name="Test" finished-at="2023-01-11T10:13:03 EST" duration-ms="7760">
      <class name="testcase.Testcase1">
        <test-method is-config="true" signature="XeSetup()[pri:0, instance:testcase.Testcase1@436813f3]" started-at="2023-01-11T10:12:55 EST" name="XeSetup" finished-at="2023-01-11T10:12:55 EST" duration-ms="184" status="PASS">
          <reporter-output>
          </reporter-output>
        </test-method> <!-- XeSetup -->
        <test-method is-config="true" signature="setu()[pri:0, instance:testcase.Testcase1@436813f3]" started-at="2023-01-11T10:12:55 EST" name="setu" finished-at="2023-01-11T10:12:59 EST" duration-ms="3907" status="PASS">
          <reporter-output>
          </reporter-output>
        </test-method> <!-- setu -->
        <test-method signature="test1()[pri:0, instance:testcase.Testcase1@436813f3]" started-at="2023-01-11T10:12:59 EST" name="test1" finished-at="2023-01-11T10:12:59 EST" duration-ms="19" status="PASS">
          <reporter-output>
          </reporter-output>
        </test-method> <!-- test1 -->
        <test-method is-config="true" signature="teardown(org.testng.ITestResult)[pri:0, instance:testcase.Testcase1@436813f3]" started-at="2023-01-11T10:12:59 EST" name="teardown" finished-at="2023-01-11T10:12:59 EST" duration-ms="256" status="PASS">
          <params>
            <param index="0">
              <value>
                <![CDATA[[TestResult name=test1 status=SUCCESS method=Testcase1.test1()[pri:0, instance:testcase.Testcase1@436813f3] output={null}]]]>
              </value>
            </param>
          </params>
          <reporter-output>
          </reporter-output>
        </test-method> <!-- teardown -->
        <test-method is-config="true" signature="setu()[pri:0, instance:testcase.Testcase1@436813f3]" started-at="2023-01-11T10:12:59 EST" name="setu" finished-at="2023-01-11T10:13:03 EST" duration-ms="3326" status="PASS">
          <reporter-output>
          </reporter-output>
        </test-method> <!-- setu -->
        <test-method signature="test2()[pri:0, instance:testcase.Testcase1@436813f3]" started-at="2023-01-11T10:13:03 EST" name="test2" finished-at="2023-01-11T10:13:03 EST" duration-ms="1" status="PASS">
          <reporter-output>
          </reporter-output>
        </test-method> <!-- test2 -->
        <test-method is-config="true" signature="teardown(org.testng.ITestResult)[pri:0, instance:testcase.Testcase1@436813f3]" started-at="2023-01-11T10:13:03 EST" name="teardown" finished-at="2023-01-11T10:13:03 EST" duration-ms="179" status="PASS">
          <params>
            <param index="0">
              <value>
                <![CDATA[[TestResult name=test2 status=SUCCESS method=Testcase1.test2()[pri:0, instance:testcase.Testcase1@436813f3] output={null}]]]>
              </value>
            </param>
          </params>
          <reporter-output>
          </reporter-output>
        </test-method> <!-- teardown -->
        <test-method is-config="true" signature="flus()[pri:0, instance:testcase.Testcase1@436813f3]" started-at="2023-01-11T10:13:03 EST" name="flus" finished-at="2023-01-11T10:13:03 EST" duration-ms="253" status="PASS">
          <reporter-output>
          </reporter-output>
        </test-method> <!-- flus -->
      </class> <!-- testcase.Testcase1 -->
    </test> <!-- Test -->
  </suite> <!-- Suite -->
</testng-results>
